*** Error 49 "Pic Slave I2C.c" Line 78(123,127): Expecting LVALUE such as a variable name  or  * expression
*** Error 1 "Pic Slave I2C.c" Line 78(1,2): Illegal C character in input file  0x80
*** Error 1 "Pic Slave I2C.c" Line 78(1,2): Illegal C character in input file  0x00
*** Error 1 "Pic Slave I2C.c" Line 78(2,3): Illegal C character in input file  0x06
*** Error 1 "Pic Slave I2C.c" Line 78(2,3): Illegal C character in input file  0x00
*** Error 1 "Pic Slave I2C.c" Line 78(2,3): Illegal C character in input file  0x00
*** Error 1 "Pic Slave I2C.c" Line 78(2,3): Illegal C character in input file  0xFF
*** Error 1 "Pic Slave I2C.c" Line 78(2,3): Illegal C character in input file  0xFF
*** Error 1 "Pic Slave I2C.c" Line 78(2,3): Illegal C character in input file  0xFF
*** Error 1 "Pic Slave I2C.c" Line 78(2,3): Illegal C character in input file  0x00
*** Error 1 "Pic Slave I2C.c" Line 78(2,3): Illegal C character in input file  0x06
*** Error 1 "Pic Slave I2C.c" Line 78(2,3): Illegal C character in input file  0x00
*** Error 1 "Pic Slave I2C.c" Line 78(2,3): Illegal C character in input file  0x00
*** Error 1 "Pic Slave I2C.c" Line 78(2,3): Illegal C character in input file  0x00
*** Error 1 "Pic Slave I2C.c" Line 78(2,3): Illegal C character in input file  0x00
*** Error 1 "Pic Slave I2C.c" Line 78(2,3): Illegal C character in input file  0x00
*** Error 1 "Pic Slave I2C.c" Line 78(2,3): Illegal C character in input file  0x00
*** Error 1 "Pic Slave I2C.c" Line 78(2,3): Illegal C character in input file  0x00
*** Error 1 "Pic Slave I2C.c" Line 78(2,3): Illegal C character in input file  0x1E
*** Error 1 "Pic Slave I2C.c" Line 78(2,3): Illegal C character in input file  0x9B
*** Error 1 "Pic Slave I2C.c" Line 78(2,3): Illegal C character in input file  0x15
*** Error 1 "Pic Slave I2C.c" Line 78(2,3): Illegal C character in input file  0xE1
*** Error 1 "Pic Slave I2C.c" Line 78(2,3): Illegal C character in input file  0xDA
*** Error 1 "Pic Slave I2C.c" Line 78(11,12): Illegal C character in input file  0x8A
*** Error 1 "Pic Slave I2C.c" Line 78(11,12): Illegal C character in input file  0xE0
*** Error 1 "Pic Slave I2C.c" Line 78(11,12): Illegal C character in input file  0x8F
*** Error 1 "Pic Slave I2C.c" Line 78(11,12): Illegal C character in input file  0xE5
*** Error 1 "Pic Slave I2C.c" Line 78(11,12): Illegal C character in input file  0x40
*** Error 1 "Pic Slave I2C.c" Line 78(11,12): Illegal C character in input file  0xF8
*** Error 1 "Pic Slave I2C.c" Line 78(11,12): Illegal C character in input file  0x07
*** Error 1 "Pic Slave I2C.c" Line 78(11,12): Illegal C character in input file  0x00
*** Error 1 "Pic Slave I2C.c" Line 78(11,12): Illegal C character in input file  0x00
*** Error 1 "Pic Slave I2C.c" Line 78(11,12): Illegal C character in input file  0xB0
*** Error 1 "Pic Slave I2C.c" Line 78(11,12): Illegal C character in input file  0xD7
*** Error 1 "Pic Slave I2C.c" Line 78(11,12): Illegal C character in input file  0x01
*** Error 1 "Pic Slave I2C.c" Line 78(11,12): Illegal C character in input file  0x00
*** Error 1 "Pic Slave I2C.c" Line 78(11,12): Illegal C character in input file  0x80
*** Error 1 "Pic Slave I2C.c" Line 78(11,12): Illegal C character in input file  0x00
*** Error 1 "Pic Slave I2C.c" Line 78(11,12): Illegal C character in input file  0x00
*** Error 1 "Pic Slave I2C.c" Line 78(11,12): Illegal C character in input file  0x00
*** Error 1 "Pic Slave I2C.c" Line 78(11,12): Illegal C character in input file  0x00
*** Error 1 "Pic Slave I2C.c" Line 78(11,12): Illegal C character in input file  0x00
*** Error 1 "Pic Slave I2C.c" Line 78(11,12): Illegal C character in input file  0x00
*** Error 1 "Pic Slave I2C.c" Line 78(11,12): Illegal C character in input file  0x00
*** Error 1 "Pic Slave I2C.c" Line 78(11,12): Illegal C character in input file  0x00
*** Error 1 "Pic Slave I2C.c" Line 78(11,12): Illegal C character in input file  0x00
*** Error 1 "Pic Slave I2C.c" Line 78(11,12): Illegal C character in input file  0x00
*** Error 1 "Pic Slave I2C.c" Line 78(11,12): Illegal C character in input file  0x00
*** Error 1 "Pic Slave I2C.c" Line 78(11,12): Illegal C character in input file  0x88
*** Error 1 "Pic Slave I2C.c" Line 78(11,12): Illegal C character in input file  0xE1
*** Error 1 "Pic Slave I2C.c" Line 78(22,23): Illegal C character in input file  0x08
*** Error 1 "Pic Slave I2C.c" Line 78(22,23): Illegal C character in input file  0x40
*** Error 1 "Pic Slave I2C.c" Line 78(25,26): Illegal C character in input file  0x08
*** Error 1 "Pic Slave I2C.c" Line 78(25,26): Illegal C character in input file  0xD0
*** Error 1 "Pic Slave I2C.c" Line 78(28,29): Illegal C character in input file  0x08
*** Error 1 "Pic Slave I2C.c" Line 78(28,29): Illegal C character in input file  0x00
*** Error 1 "Pic Slave I2C.c" Line 78(28,29): Illegal C character in input file  0x00
*** Error 1 "Pic Slave I2C.c" Line 78(28,29): Illegal C character in input file  0x00
*** Error 1 "Pic Slave I2C.c" Line 78(28,29): Illegal C character in input file  0x00
*** Error 1 "Pic Slave I2C.c" Line 78(28,29): Illegal C character in input file  0x90
*** Error 1 "Pic Slave I2C.c" Line 78(31,32): Illegal C character in input file  0x08
*** Error 1 "Pic Slave I2C.c" Line 78(31,32): Illegal C character in input file  0x00
*** Error 1 "Pic Slave I2C.c" Line 78(31,32): Illegal C character in input file  0x00
*** Error 1 "Pic Slave I2C.c" Line 78(31,32): Illegal C character in input file  0x00
*** Error 1 "Pic Slave I2C.c" Line 78(31,32): Illegal C character in input file  0x00
*** Error 1 "Pic Slave I2C.c" Line 78(31,32): Illegal C character in input file  0x00
*** Error 1 "Pic Slave I2C.c" Line 78(31,32): Illegal C character in input file  0x00
*** Error 1 "Pic Slave I2C.c" Line 78(31,32): Illegal C character in input file  0x00
*** Error 1 "Pic Slave I2C.c" Line 78(31,32): Illegal C character in input file  0x00
*** Error 1 "Pic Slave I2C.c" Line 78(31,32): Illegal C character in input file  0x00
*** Error 1 "Pic Slave I2C.c" Line 78(31,32): Illegal C character in input file  0x00
*** Error 1 "Pic Slave I2C.c" Line 78(31,32): Illegal C character in input file  0x00
*** Error 1 "Pic Slave I2C.c" Line 78(31,32): Illegal C character in input file  0x00
*** Error 1 "Pic Slave I2C.c" Line 78(31,32): Illegal C character in input file  0x00
*** Error 1 "Pic Slave I2C.c" Line 78(31,32): Illegal C character in input file  0x00
*** Error 1 "Pic Slave I2C.c" Line 78(31,32): Illegal C character in input file  0x00
*** Error 1 "Pic Slave I2C.c" Line 78(31,32): Illegal C character in input file  0x00
*** Error 1 "Pic Slave I2C.c" Line 78(31,32): Illegal C character in input file  0x00
*** Error 1 "Pic Slave I2C.c" Line 78(31,32): Illegal C character in input file  0x00
*** Error 1 "Pic Slave I2C.c" Line 78(31,32): Illegal C character in input file  0x00
*** Error 1 "Pic Slave I2C.c" Line 78(31,32): Illegal C character in input file  0x00
*** Error 1 "Pic Slave I2C.c" Line 78(31,32): Illegal C character in input file  0x00
*** Error 1 "Pic Slave I2C.c" Line 78(31,32): Illegal C character in input file  0x00
*** Error 1 "Pic Slave I2C.c" Line 78(31,32): Illegal C character in input file  0x00
*** Error 1 "Pic Slave I2C.c" Line 78(31,32): Illegal C character in input file  0x00
*** Error 1 "Pic Slave I2C.c" Line 78(31,32): Illegal C character in input file  0x00
*** Error 1 "Pic Slave I2C.c" Line 78(31,32): Illegal C character in input file  0x00
*** Error 1 "Pic Slave I2C.c" Line 78(31,32): Illegal C character in input file  0x00
*** Error 1 "Pic Slave I2C.c" Line 78(31,32): Illegal C character in input file  0x00
*** Error 1 "Pic Slave I2C.c" Line 78(31,32): Illegal C character in input file  0x00
*** Error 1 "Pic Slave I2C.c" Line 78(31,32): Illegal C character in input file  0x00
*** Error 1 "Pic Slave I2C.c" Line 78(31,32): Illegal C character in input file  0x00
*** Error 1 "Pic Slave I2C.c" Line 78(31,32): Illegal C character in input file  0x00
*** Error 1 "Pic Slave I2C.c" Line 78(34,35): Illegal C character in input file  0x50 after \
*** Error 1 "Pic Slave I2C.c" Line 78(48,49): Illegal C character in input file  0x50 after \
*** Error 1 "Pic Slave I2C.c" Line 78(53,54): Illegal C character in input file  0x44 after \
*** Error 1 "Pic Slave I2C.c" Line 78(1,2): Illegal C character in input file  0x80
*** Error 1 "Pic Slave I2C.c" Line 78(1,2): Illegal C character in input file  0x00
*** Error 1 "Pic Slave I2C.c" Line 78(2,3): Illegal C character in input file  0x07
*** Error 1 "Pic Slave I2C.c" Line 78(2,3): Illegal C character in input file  0x00
*** Error 1 "Pic Slave I2C.c" Line 78(2,3): Illegal C character in input file  0x00
