
ROM used:   1212/8192 (15%)
            1212/8192 (15%) including unused fragments

            0.8 Average locations per line
            4.9 Average locations per statement

RAM used:   14/368 (4%) at main() level
            78/368 (21%) worst case

Stack used: 5 worst case (5 in main + 0 for interrupts)
Stack size: 8

Lines Stmts  %   Files
----- ----- ---  -----
  240   124  50  Pic Slave I2C.c
  620     0   0  ..\..\..\..\..\..\..\..\..\Program Files\PICC\Devices\16F876a.h
  135    40  16  ..\..\..\..\..\..\..\..\..\Program Files\PICC\Drivers\kbd.c
  456    84  34  ..\..\..\..\..\..\..\..\..\Program Files\PICC\Drivers\lcd.c
----- -----
 1451   248 Total

Page ROM  %  RAM   Vol Diff  Functions:
---- --- --- ---   --- ----  ----------
0     37   3    2             @MUL88
0     21   2    1             @delay_ms1
 Inline         3   596  5.9  lcd_read_byte
0      6   0    0    59  4.2  lcd_read_nibble
0     12   1    1   179  3.3  lcd_send_nibble
0     64   5    3   460  4.7  lcd_send_byte
0     62   5    6   814  7.2  lcd_init
0     18   1    4   208  6.3  lcd_gotoxy
0     44   4    1   354  4.7  lcd_putc
0    594  49    4  6060  9.2  MAIN
0      6   0    0             @const671
0     86   7    4             @PSTRINGC7_646
0      4   0    0             @const673
0      7   1    0             @const676
0      8   1    0             @const678
0      5   0    0             @const679
0     89   7    5             @PSTRINGCN7_646
0     21   2    3             @DIV88
0     89   7    6             @PRINTF_D_646
0      6   0    0             @const690
0      3   0    0             @const694
0      6   0    0             @const696
0      8   1    0             @const700
0      4   0    0             @const704
0      8   1    0             @const705
 Inline         0             @cinit1

Program metrics:
    Functions               8
    Statements              248
    Comments                258
    Volume (V)              11220
    Difficulty (D)          42.0
    Effort to implement (E) 470908
    Time to implement (T)   7 hours, 16 minutes
    Est Delivered Bugs (B)  2
    Cyclomatic Complexity   29
    Maintainability (MI)    106

 Segment     Used  Free
-----------  ----  ----
00000-00003     4  0  
00004-007FF  1208  836  
00800-00FFF     0  2048  
01000-017FF     0  2048  
01800-01FFF     0  2048  



